<?xml version="1.0" encoding="utf-8"?><testsuites name="pytest tests"><testsuite name="pytest" errors="0" failures="0" skipped="0" tests="21" time="7.706" timestamp="2026-03-06T09:17:29.498510+00:00" hostname="agent-env-bf3a5279-7ef8-40d5-86a2-267f90a87b81"><testcase classname="backend.tests.test_smashdine.TestAuth" name="test_login_success" time="0.512" /><testcase classname="backend.tests.test_smashdine.TestAuth" name="test_login_invalid" time="0.419" /><testcase classname="backend.tests.test_smashdine.TestAuth" name="test_register_duplicate_email" time="0.144" /><testcase classname="backend.tests.test_smashdine.TestRestaurant" name="test_get_restaurant" time="0.380" /><testcase classname="backend.tests.test_smashdine.TestRestaurant" name="test_get_restaurant_invalid" time="0.111" /><testcase classname="backend.tests.test_smashdine.TestMenu" name="test_get_menu" time="0.121" /><testcase classname="backend.tests.test_smashdine.TestMenu" name="test_menu_has_items" time="0.108" /><testcase classname="backend.tests.test_smashdine.TestQR" name="test_qr_code_generation" time="0.301" /><testcase classname="backend.tests.test_smashdine.TestOrders" name="test_create_order" time="0.152" /><testcase classname="backend.tests.test_smashdine.TestOrders" name="test_get_order" time="0.152" /><testcase classname="backend.tests.test_smashdine.TestOrders" name="test_get_order_not_found" time="0.103" /><testcase classname="backend.tests.test_smashdine.TestPayment" name="test_simulate_payment" time="1.413" /><testcase classname="backend.tests.test_smashdine.TestGame" name="test_save_game_result_win" time="1.105" /><testcase classname="backend.tests.test_smashdine.TestGame" name="test_get_game_result_not_found" time="0.194" /><testcase classname="backend.tests.test_smashdine.TestOwnerEndpoints" name="test_owner_orders" time="0.565" /><testcase classname="backend.tests.test_smashdine.TestOwnerEndpoints" name="test_owner_categories" time="0.232" /><testcase classname="backend.tests.test_smashdine.TestOwnerEndpoints" name="test_owner_menu_items" time="0.344" /><testcase classname="backend.tests.test_smashdine.TestOwnerEndpoints" name="test_owner_analytics" time="0.111" /><testcase classname="backend.tests.test_smashdine.TestOwnerEndpoints" name="test_owner_profile" time="0.107" /><testcase classname="backend.tests.test_smashdine.TestOwnerEndpoints" name="test_owner_orders_no_auth" time="0.231" /><testcase classname="backend.tests.test_smashdine.TestOwnerEndpoints" name="test_update_order_status" time="0.711" /></testsuite></testsuites>